[Wed Apr 10 02:02:10.469 2013] 0.000 sec [all/3/rel 0 (0,20)] [feed_core]
[Wed Apr 10 02:02:10.659 2013] 0.000 sec [all/3/rel 0 (0,20)] [feed_core]
[Wed Apr 10 02:02:10.747 2013] 0.000 sec [all/3/rel 0 (0,20)] [feed_core]
[Wed Apr 10 02:02:10.815 2013] 0.000 sec [all/3/rel 0 (0,20)] [feed_core]
[Wed Apr 10 02:02:10.955 2013] 0.000 sec [all/3/rel 0 (0,20)] [feed_core]
[Wed Apr 10 02:02:11.030 2013] 0.000 sec [all/3/rel 0 (0,20)] [feed_core]
[Wed Apr 10 02:02:11.098 2013] 0.000 sec [all/3/rel 0 (0,20)] [feed_core]
[Wed Apr 10 02:02:11.161 2013] 0.000 sec [all/3/rel 0 (0,20)] [feed_core]
[Wed Apr 10 02:02:11.239 2013] 0.000 sec [all/3/rel 0 (0,20)] [feed_core]
[Wed Apr 10 02:02:11.298 2013] 0.000 sec [all/3/rel 0 (0,20)] [feed_core]
[Wed Apr 10 02:02:11.355 2013] 0.000 sec [all/3/rel 0 (0,20)] [feed_core]
[Wed Apr 10 02:02:11.414 2013] 0.000 sec [all/3/rel 0 (0,20)] [feed_core]
[Wed Apr 10 02:02:11.475 2013] 0.000 sec [all/3/rel 0 (0,20)] [feed_core]
[Wed Apr 10 02:02:11.535 2013] 0.000 sec [all/3/rel 0 (0,20)] [feed_core]
[Wed Apr 10 02:02:11.597 2013] 0.000 sec [all/3/rel 0 (0,20)] [feed_core]
[Wed Apr 10 02:02:11.658 2013] 0.000 sec [all/3/rel 0 (0,20)] [feed_core]
[Wed Apr 10 02:02:11.717 2013] 0.000 sec [all/3/rel 0 (0,20)] [feed_core]
[Wed Apr 10 02:02:11.781 2013] 0.000 sec [all/3/rel 0 (0,20)] [feed_core]
[Wed Apr 10 02:02:11.842 2013] 0.000 sec [all/3/rel 0 (0,20)] [feed_core]
[Wed Apr 10 02:02:11.901 2013] 0.000 sec [all/3/rel 0 (0,20)] [feed_core]
[Wed Apr 10 02:02:11.964 2013] 0.000 sec [all/3/rel 0 (0,20)] [feed_core]
[Wed Apr 10 02:02:12.021 2013] 0.000 sec [all/3/rel 0 (0,20)] [feed_core]
[Wed Apr 10 02:02:12.083 2013] 0.000 sec [all/3/rel 0 (0,20)] [feed_core]
[Wed Apr 10 02:02:12.145 2013] 0.000 sec [all/3/rel 0 (0,20)] [feed_core]
[Wed Apr 10 02:02:12.207 2013] 0.000 sec [all/3/rel 0 (0,20)] [feed_core]
[Wed Apr 10 02:02:12.274 2013] 0.000 sec [all/3/rel 0 (0,20)] [feed_core]
[Wed Apr 10 02:02:12.337 2013] 0.000 sec [all/3/rel 0 (0,20)] [feed_core]
[Wed Apr 10 02:02:12.406 2013] 0.000 sec [all/3/rel 0 (0,20)] [feed_core]
[Wed Apr 10 02:02:12.467 2013] 0.000 sec [all/3/rel 0 (0,20)] [feed_core]
[Wed Apr 10 02:02:12.530 2013] 0.000 sec [all/3/rel 0 (0,20)] [feed_core]
[Wed Apr 10 02:02:12.593 2013] 0.000 sec [all/3/rel 0 (0,20)] [feed_core]
[Wed Apr 10 02:02:12.666 2013] 0.000 sec [all/3/rel 0 (0,20)] [feed_core]
[Wed Apr 10 02:02:12.727 2013] 0.000 sec [all/3/rel 0 (0,20)] [feed_core]
[Wed Apr 10 02:02:12.789 2013] 0.000 sec [all/3/rel 0 (0,20)] [feed_core]
[Wed Apr 10 02:02:12.850 2013] 0.000 sec [all/3/rel 0 (0,20)] [feed_core]
[Wed Apr 10 02:02:12.912 2013] 0.000 sec [all/3/rel 0 (0,20)] [feed_core]
[Wed Apr 10 02:02:12.978 2013] 0.000 sec [all/3/rel 0 (0,20)] [feed_core]
[Wed Apr 10 02:02:13.046 2013] 0.000 sec [all/3/rel 0 (0,20)] [feed_core]
[Wed Apr 10 02:02:13.111 2013] 0.000 sec [all/3/rel 0 (0,20)] [feed_core]
[Wed Apr 10 02:02:13.195 2013] 0.000 sec [all/3/rel 0 (0,20)] [feed_core]
[Wed Apr 10 02:02:13.422 2013] 0.000 sec [all/3/rel 0 (0,20)] [feed_core]
[Wed Apr 10 02:02:13.556 2013] 0.000 sec [all/3/rel 0 (0,20)] [feed_core]
[Wed Apr 10 02:02:13.641 2013] 0.000 sec [all/3/rel 0 (0,20)] [feed_core]
[Wed Apr 10 02:02:13.989 2013] 0.000 sec [all/3/rel 0 (0,20)] [feed_core]
[Wed Apr 10 02:02:14.067 2013] 0.000 sec [all/3/rel 0 (0,20)] [feed_core]
[Wed Apr 10 02:02:14.311 2013] 0.000 sec [all/3/rel 0 (0,20)] [feed_core]
[Wed Apr 10 02:02:14.412 2013] 0.000 sec [all/3/rel 0 (0,20)] [feed_core]
[Wed Apr 10 02:02:14.508 2013] 0.000 sec [all/3/rel 0 (0,20)] [feed_core]
[Wed Apr 10 02:02:14.746 2013] 0.000 sec [all/3/rel 0 (0,20)] [feed_core]
[Wed Apr 10 02:02:14.833 2013] 0.000 sec [all/3/rel 0 (0,20)] [feed_core]
[Wed Apr 10 02:03:25.702 2013] 0.000 sec [all/3/rel 0 (0,20)] [feed_core]
[Wed Apr 10 02:03:25.925 2013] 0.000 sec [all/3/rel 0 (0,20)] [feed_core]
[Wed Apr 10 02:03:26.084 2013] 0.000 sec [all/3/rel 0 (0,20)] [feed_core]
[Wed Apr 10 02:03:26.499 2013] 0.000 sec [all/3/rel 0 (0,20)] [feed_core]
[Wed Apr 10 02:03:26.602 2013] 0.000 sec [all/3/rel 0 (0,20)] [feed_core]
[Wed Apr 10 02:03:26.709 2013] 0.000 sec [all/3/rel 0 (0,20)] [feed_core]
[Wed Apr 10 02:03:27.002 2013] 0.000 sec [all/3/rel 0 (0,20)] [feed_core]
[Wed Apr 10 02:03:27.122 2013] 0.000 sec [all/3/rel 0 (0,20)] [feed_core]
[Wed Apr 10 02:03:27.553 2013] 0.000 sec [all/3/rel 0 (0,20)] [feed_core]
[Wed Apr 10 02:03:27.678 2013] 0.000 sec [all/3/rel 0 (0,20)] [feed_core]
[Wed Apr 10 02:05:15.342 2013] 0.000 sec [all/3/rel 0 (0,20)] [feed_core]
[Wed Apr 10 02:05:15.347 2013] 0.000 sec [all/3/rel 1 (0,20)] [feed_delta]
[Wed Apr 10 02:05:15.353 2013] 0.000 sec [all/3/rel 0 (0,20)] [feed_core]
[Wed Apr 10 02:05:15.357 2013] 0.000 sec [all/3/rel 1 (0,20)] [feed_delta]
[Wed Apr 10 02:05:15.363 2013] 0.000 sec [all/3/rel 0 (0,20)] [feed_core]
[Wed Apr 10 02:05:15.367 2013] 0.000 sec [all/3/rel 1 (0,20)] [feed_delta]
[Wed Apr 10 02:05:15.373 2013] 0.000 sec [all/3/rel 0 (0,20)] [feed_core]
[Wed Apr 10 02:05:15.377 2013] 0.000 sec [all/3/rel 1 (0,20)] [feed_delta]
[Wed Apr 10 02:05:15.384 2013] 0.000 sec [all/3/rel 0 (0,20)] [feed_core]
[Wed Apr 10 02:05:15.388 2013] 0.000 sec [all/3/rel 1 (0,20)] [feed_delta]
[Wed Apr 10 02:05:15.395 2013] 0.000 sec [all/3/rel 0 (0,20)] [feed_core]
[Wed Apr 10 02:05:15.400 2013] 0.000 sec [all/3/rel 1 (0,20)] [feed_delta]
[Wed Apr 10 02:05:15.406 2013] 0.000 sec [all/3/rel 0 (0,20)] [feed_core]
[Wed Apr 10 02:05:15.410 2013] 0.000 sec [all/3/rel 1 (0,20)] [feed_delta]
[Wed Apr 10 02:05:15.415 2013] 0.000 sec [all/3/rel 0 (0,20)] [feed_core]
[Wed Apr 10 02:05:15.419 2013] 0.000 sec [all/3/rel 1 (0,20)] [feed_delta]
[Wed Apr 10 02:05:15.427 2013] 0.000 sec [all/3/rel 0 (0,20)] [feed_core]
[Wed Apr 10 02:05:15.432 2013] 0.000 sec [all/3/rel 1 (0,20)] [feed_delta]
[Wed Apr 10 02:05:15.599 2013] 0.000 sec [all/3/rel 0 (0,20)] [feed_core]
[Wed Apr 10 02:05:15.661 2013] 0.000 sec [all/3/rel 0 (0,20)] [feed_core]
[Wed Apr 10 02:05:15.722 2013] 0.000 sec [all/3/rel 0 (0,20)] [feed_core]
[Wed Apr 10 02:05:15.789 2013] 0.000 sec [all/3/rel 0 (0,20)] [feed_core]
[Wed Apr 10 02:05:15.852 2013] 0.000 sec [all/3/rel 0 (0,20)] [feed_core]
[Wed Apr 10 02:05:15.902 2013] 0.000 sec [all/3/rel 0 (0,20)] [feed_core]
[Wed Apr 10 02:05:15.951 2013] 0.000 sec [all/3/rel 0 (0,20)] [feed_core]
[Wed Apr 10 02:05:16.002 2013] 0.000 sec [all/3/rel 0 (0,20)] [feed_core]
[Wed Apr 10 02:05:16.053 2013] 0.000 sec [all/3/rel 0 (0,20)] [feed_core]
[Wed Apr 10 02:05:16.103 2013] 0.000 sec [all/3/rel 0 (0,20)] [feed_core]
[Wed Apr 10 02:05:53.718 2013] 0.000 sec [all/3/rel 0 (0,20)] [feed_core]
[Wed Apr 10 02:05:54.034 2013] 0.000 sec [all/3/rel 0 (0,20)] [feed_core]
[Wed Apr 10 02:05:54.219 2013] 0.000 sec [all/3/rel 0 (0,20)] [feed_core]
[Wed Apr 10 02:05:54.638 2013] 0.000 sec [all/3/rel 0 (0,20)] [feed_core]
[Wed Apr 10 02:05:54.748 2013] 0.000 sec [all/3/rel 0 (0,20)] [feed_core]
[Wed Apr 10 02:05:54.845 2013] 0.000 sec [all/3/rel 0 (0,20)] [feed_core]
[Wed Apr 10 02:05:55.161 2013] 0.000 sec [all/3/rel 0 (0,20)] [feed_core]
[Wed Apr 10 02:05:55.285 2013] 0.000 sec [all/3/rel 0 (0,20)] [feed_core]
[Wed Apr 10 02:05:55.721 2013] 0.000 sec [all/3/rel 0 (0,20)] [feed_core]
[Wed Apr 10 02:05:55.829 2013] 0.000 sec [all/3/rel 0 (0,20)] [feed_core]
[Wed Apr 10 02:11:21.737 2013] 0.000 sec [all/3/rel 0 (0,20)] [feed_core]
[Wed Apr 10 02:11:21.853 2013] 0.000 sec [all/3/rel 0 (0,20)] [feed_core]
[Wed Apr 10 02:11:21.938 2013] 0.000 sec [all/3/rel 0 (0,20)] [feed_core]
[Wed Apr 10 02:11:22.298 2013] 0.000 sec [all/3/rel 0 (0,20)] [feed_core]
[Wed Apr 10 02:11:22.412 2013] 0.000 sec [all/3/rel 0 (0,20)] [feed_core]
[Wed Apr 10 02:13:38.616 2013] 0.000 sec [all/3/rel 0 (0,20)] [feed_core]
[Wed Apr 10 02:13:38.757 2013] 0.000 sec [all/3/rel 0 (0,20)] [feed_core]
[Wed Apr 10 02:13:38.886 2013] 0.000 sec [all/3/rel 0 (0,20)] [feed_core]
[Wed Apr 10 02:13:39.315 2013] 0.000 sec [all/3/rel 0 (0,20)] [feed_core]
[Wed Apr 10 02:13:39.419 2013] 0.000 sec [all/3/rel 0 (0,20)] [feed_core]
[Wed Apr 10 02:13:39.840 2013] 0.000 sec [all/3/rel 0 (0,20)] [feed_core]
[Wed Apr 10 02:13:39.930 2013] 0.000 sec [all/3/rel 0 (0,20)] [feed_core]
[Wed Apr 10 02:13:40.243 2013] 0.000 sec [all/3/rel 0 (0,20)] [feed_core]
[Wed Apr 10 02:13:40.385 2013] 0.000 sec [all/3/rel 0 (0,20)] [feed_core]
[Wed Apr 10 02:13:40.692 2013] 0.000 sec [all/3/rel 0 (0,20)] [feed_core]
[Wed Apr 10 02:13:40.811 2013] 0.000 sec [all/3/rel 0 (0,20)] [feed_core]
[Wed Apr 10 02:13:41.203 2013] 0.000 sec [all/3/rel 0 (0,20)] [feed_core]
[Wed Apr 10 02:13:41.354 2013] 0.000 sec [all/3/rel 0 (0,20)] [feed_core]
[Wed Apr 10 02:13:41.455 2013] 0.000 sec [all/3/rel 0 (0,20)] [feed_core]
[Wed Apr 10 02:13:41.824 2013] 0.000 sec [all/3/rel 0 (0,20)] [feed_core]
