[Wed Apr 10 02:00:17.444 2013] [28853] accepting connections
[Wed Apr 10 02:02:10.460 2013] [28853] rotating indices (seamless=1)
[Wed Apr 10 02:02:10.464 2013] [28853] rotating index 'feed_delta': success
[Wed Apr 10 02:02:10.464 2013] [28853] rotating finished
[Wed Apr 10 02:02:10.653 2013] [28853] rotating indices (seamless=1)
[Wed Apr 10 02:02:10.656 2013] [28853] rotating index 'feed_delta': success
[Wed Apr 10 02:02:10.657 2013] [28853] rotating finished
[Wed Apr 10 02:02:10.740 2013] [28853] rotating indices (seamless=1)
[Wed Apr 10 02:02:10.744 2013] [28853] rotating index 'feed_delta': success
[Wed Apr 10 02:02:10.744 2013] [28853] rotating finished
[Wed Apr 10 02:02:10.808 2013] [28853] rotating indices (seamless=1)
[Wed Apr 10 02:02:10.812 2013] [28853] rotating index 'feed_delta': success
[Wed Apr 10 02:02:10.813 2013] [28853] rotating finished
[Wed Apr 10 02:02:10.947 2013] [28853] rotating indices (seamless=1)
[Wed Apr 10 02:02:10.951 2013] [28853] rotating index 'feed_delta': success
[Wed Apr 10 02:02:10.951 2013] [28853] rotating finished
[Wed Apr 10 02:02:11.015 2013] [28853] rotating indices (seamless=1)
[Wed Apr 10 02:02:11.026 2013] [28853] rotating index 'feed_delta': success
[Wed Apr 10 02:02:11.027 2013] [28853] rotating finished
[Wed Apr 10 02:02:11.093 2013] [28853] rotating indices (seamless=1)
[Wed Apr 10 02:02:11.096 2013] [28853] rotating index 'feed_delta': success
[Wed Apr 10 02:02:11.096 2013] [28853] rotating finished
[Wed Apr 10 02:02:11.153 2013] [28853] rotating indices (seamless=1)
[Wed Apr 10 02:02:11.157 2013] [28853] rotating index 'feed_delta': success
[Wed Apr 10 02:02:11.157 2013] [28853] rotating finished
[Wed Apr 10 02:02:11.233 2013] [28853] rotating indices (seamless=1)
[Wed Apr 10 02:02:11.236 2013] [28853] rotating index 'feed_delta': success
[Wed Apr 10 02:02:11.236 2013] [28853] rotating finished
[Wed Apr 10 02:02:11.292 2013] [28853] rotating indices (seamless=1)
[Wed Apr 10 02:02:11.296 2013] [28853] rotating index 'feed_delta': success
[Wed Apr 10 02:02:11.296 2013] [28853] rotating finished
[Wed Apr 10 02:02:11.348 2013] [28853] rotating indices (seamless=1)
[Wed Apr 10 02:02:11.351 2013] [28853] rotating index 'feed_delta': success
[Wed Apr 10 02:02:11.352 2013] [28853] rotating finished
[Wed Apr 10 02:02:11.408 2013] [28853] rotating indices (seamless=1)
[Wed Apr 10 02:02:11.411 2013] [28853] rotating index 'feed_delta': success
[Wed Apr 10 02:02:11.411 2013] [28853] rotating finished
[Wed Apr 10 02:02:11.469 2013] [28853] rotating indices (seamless=1)
[Wed Apr 10 02:02:11.472 2013] [28853] rotating index 'feed_delta': success
[Wed Apr 10 02:02:11.473 2013] [28853] rotating finished
[Wed Apr 10 02:02:11.530 2013] [28853] rotating indices (seamless=1)
[Wed Apr 10 02:02:11.533 2013] [28853] rotating index 'feed_delta': success
[Wed Apr 10 02:02:11.533 2013] [28853] rotating finished
[Wed Apr 10 02:02:11.591 2013] [28853] rotating indices (seamless=1)
[Wed Apr 10 02:02:11.594 2013] [28853] rotating index 'feed_delta': success
[Wed Apr 10 02:02:11.594 2013] [28853] rotating finished
[Wed Apr 10 02:02:11.652 2013] [28853] rotating indices (seamless=1)
[Wed Apr 10 02:02:11.655 2013] [28853] rotating index 'feed_delta': success
[Wed Apr 10 02:02:11.656 2013] [28853] rotating finished
[Wed Apr 10 02:02:11.712 2013] [28853] rotating indices (seamless=1)
[Wed Apr 10 02:02:11.714 2013] [28853] rotating index 'feed_delta': success
[Wed Apr 10 02:02:11.715 2013] [28853] rotating finished
[Wed Apr 10 02:02:11.775 2013] [28853] rotating indices (seamless=1)
[Wed Apr 10 02:02:11.778 2013] [28853] rotating index 'feed_delta': success
[Wed Apr 10 02:02:11.778 2013] [28853] rotating finished
[Wed Apr 10 02:02:11.835 2013] [28853] rotating indices (seamless=1)
[Wed Apr 10 02:02:11.839 2013] [28853] rotating index 'feed_delta': success
[Wed Apr 10 02:02:11.839 2013] [28853] rotating finished
[Wed Apr 10 02:02:11.895 2013] [28853] rotating indices (seamless=1)
[Wed Apr 10 02:02:11.898 2013] [28853] rotating index 'feed_delta': success
[Wed Apr 10 02:02:11.898 2013] [28853] rotating finished
[Wed Apr 10 02:02:11.958 2013] [28853] rotating indices (seamless=1)
[Wed Apr 10 02:02:11.961 2013] [28853] rotating index 'feed_delta': success
[Wed Apr 10 02:02:11.962 2013] [28853] rotating finished
[Wed Apr 10 02:02:12.016 2013] [28853] rotating indices (seamless=1)
[Wed Apr 10 02:02:12.019 2013] [28853] rotating index 'feed_delta': success
[Wed Apr 10 02:02:12.019 2013] [28853] rotating finished
[Wed Apr 10 02:02:12.077 2013] [28853] rotating indices (seamless=1)
[Wed Apr 10 02:02:12.080 2013] [28853] rotating index 'feed_delta': success
[Wed Apr 10 02:02:12.081 2013] [28853] rotating finished
[Wed Apr 10 02:02:12.137 2013] [28853] rotating indices (seamless=1)
[Wed Apr 10 02:02:12.141 2013] [28853] rotating index 'feed_delta': success
[Wed Apr 10 02:02:12.141 2013] [28853] rotating finished
[Wed Apr 10 02:02:12.200 2013] [28853] rotating indices (seamless=1)
[Wed Apr 10 02:02:12.204 2013] [28853] rotating index 'feed_delta': success
[Wed Apr 10 02:02:12.205 2013] [28853] rotating finished
[Wed Apr 10 02:02:12.268 2013] [28853] rotating indices (seamless=1)
[Wed Apr 10 02:02:12.271 2013] [28853] rotating index 'feed_delta': success
[Wed Apr 10 02:02:12.271 2013] [28853] rotating finished
[Wed Apr 10 02:02:12.331 2013] [28853] rotating indices (seamless=1)
[Wed Apr 10 02:02:12.334 2013] [28853] rotating index 'feed_delta': success
[Wed Apr 10 02:02:12.334 2013] [28853] rotating finished
[Wed Apr 10 02:02:12.400 2013] [28853] rotating indices (seamless=1)
[Wed Apr 10 02:02:12.404 2013] [28853] rotating index 'feed_delta': success
[Wed Apr 10 02:02:12.404 2013] [28853] rotating finished
[Wed Apr 10 02:02:12.462 2013] [28853] rotating indices (seamless=1)
[Wed Apr 10 02:02:12.465 2013] [28853] rotating index 'feed_delta': success
[Wed Apr 10 02:02:12.465 2013] [28853] rotating finished
[Wed Apr 10 02:02:12.524 2013] [28853] rotating indices (seamless=1)
[Wed Apr 10 02:02:12.528 2013] [28853] rotating index 'feed_delta': success
[Wed Apr 10 02:02:12.528 2013] [28853] rotating finished
[Wed Apr 10 02:02:12.585 2013] [28853] rotating indices (seamless=1)
[Wed Apr 10 02:02:12.589 2013] [28853] rotating index 'feed_delta': success
[Wed Apr 10 02:02:12.589 2013] [28853] rotating finished
[Wed Apr 10 02:02:12.661 2013] [28853] rotating indices (seamless=1)
[Wed Apr 10 02:02:12.664 2013] [28853] rotating index 'feed_delta': success
[Wed Apr 10 02:02:12.664 2013] [28853] rotating finished
[Wed Apr 10 02:02:12.722 2013] [28853] rotating indices (seamless=1)
[Wed Apr 10 02:02:12.725 2013] [28853] rotating index 'feed_delta': success
[Wed Apr 10 02:02:12.725 2013] [28853] rotating finished
[Wed Apr 10 02:02:12.783 2013] [28853] rotating indices (seamless=1)
[Wed Apr 10 02:02:12.786 2013] [28853] rotating index 'feed_delta': success
[Wed Apr 10 02:02:12.786 2013] [28853] rotating finished
[Wed Apr 10 02:02:12.844 2013] [28853] rotating indices (seamless=1)
[Wed Apr 10 02:02:12.848 2013] [28853] rotating index 'feed_delta': success
[Wed Apr 10 02:02:12.848 2013] [28853] rotating finished
[Wed Apr 10 02:02:12.906 2013] [28853] rotating indices (seamless=1)
[Wed Apr 10 02:02:12.909 2013] [28853] rotating index 'feed_delta': success
[Wed Apr 10 02:02:12.909 2013] [28853] rotating finished
[Wed Apr 10 02:02:12.972 2013] [28853] rotating indices (seamless=1)
[Wed Apr 10 02:02:12.975 2013] [28853] rotating index 'feed_delta': success
[Wed Apr 10 02:02:12.976 2013] [28853] rotating finished
[Wed Apr 10 02:02:13.040 2013] [28853] rotating indices (seamless=1)
[Wed Apr 10 02:02:13.044 2013] [28853] rotating index 'feed_delta': success
[Wed Apr 10 02:02:13.044 2013] [28853] rotating finished
[Wed Apr 10 02:02:13.105 2013] [28853] rotating indices (seamless=1)
[Wed Apr 10 02:02:13.109 2013] [28853] rotating index 'feed_delta': success
[Wed Apr 10 02:02:13.109 2013] [28853] rotating finished
[Wed Apr 10 02:02:13.187 2013] [28853] rotating indices (seamless=1)
[Wed Apr 10 02:02:13.191 2013] [28853] rotating index 'feed_delta': success
[Wed Apr 10 02:02:13.191 2013] [28853] rotating finished
[Wed Apr 10 02:02:13.417 2013] [28853] rotating indices (seamless=1)
[Wed Apr 10 02:02:13.420 2013] [28853] rotating index 'feed_delta': success
[Wed Apr 10 02:02:13.420 2013] [28853] rotating finished
[Wed Apr 10 02:02:13.548 2013] [28853] rotating indices (seamless=1)
[Wed Apr 10 02:02:13.553 2013] [28853] rotating index 'feed_delta': success
[Wed Apr 10 02:02:13.553 2013] [28853] rotating finished
[Wed Apr 10 02:02:13.635 2013] [28853] rotating indices (seamless=1)
[Wed Apr 10 02:02:13.638 2013] [28853] rotating index 'feed_delta': success
[Wed Apr 10 02:02:13.639 2013] [28853] rotating finished
[Wed Apr 10 02:02:13.981 2013] [28853] rotating indices (seamless=1)
[Wed Apr 10 02:02:13.987 2013] [28853] rotating index 'feed_delta': success
[Wed Apr 10 02:02:13.987 2013] [28853] rotating finished
[Wed Apr 10 02:02:14.061 2013] [28853] rotating indices (seamless=1)
[Wed Apr 10 02:02:14.064 2013] [28853] rotating index 'feed_delta': success
[Wed Apr 10 02:02:14.065 2013] [28853] rotating finished
[Wed Apr 10 02:02:14.306 2013] [28853] rotating indices (seamless=1)
[Wed Apr 10 02:02:14.309 2013] [28853] rotating index 'feed_delta': success
[Wed Apr 10 02:02:14.309 2013] [28853] rotating finished
[Wed Apr 10 02:02:14.406 2013] [28853] rotating indices (seamless=1)
[Wed Apr 10 02:02:14.409 2013] [28853] rotating index 'feed_delta': success
[Wed Apr 10 02:02:14.409 2013] [28853] rotating finished
[Wed Apr 10 02:02:14.501 2013] [28853] rotating indices (seamless=1)
[Wed Apr 10 02:02:14.506 2013] [28853] rotating index 'feed_delta': success
[Wed Apr 10 02:02:14.506 2013] [28853] rotating finished
[Wed Apr 10 02:02:14.739 2013] [28853] rotating indices (seamless=1)
[Wed Apr 10 02:02:14.743 2013] [28853] rotating index 'feed_delta': success
[Wed Apr 10 02:02:14.744 2013] [28853] rotating finished
[Wed Apr 10 02:02:14.826 2013] [28853] rotating indices (seamless=1)
[Wed Apr 10 02:02:14.830 2013] [28853] rotating index 'feed_delta': success
[Wed Apr 10 02:02:14.830 2013] [28853] rotating finished
[Wed Apr 10 02:03:25.679 2013] [28853] rotating indices (seamless=1)
[Wed Apr 10 02:03:25.692 2013] [28853] rotating index 'feed_delta': success
[Wed Apr 10 02:03:25.692 2013] [28853] rotating finished
[Wed Apr 10 02:03:25.914 2013] [28853] rotating indices (seamless=1)
[Wed Apr 10 02:03:25.920 2013] [28853] rotating index 'feed_delta': success
[Wed Apr 10 02:03:25.920 2013] [28853] rotating finished
[Wed Apr 10 02:03:26.074 2013] [28853] rotating indices (seamless=1)
[Wed Apr 10 02:03:26.080 2013] [28853] rotating index 'feed_delta': success
[Wed Apr 10 02:03:26.082 2013] [28853] rotating finished
[Wed Apr 10 02:03:26.492 2013] [28853] rotating indices (seamless=1)
[Wed Apr 10 02:03:26.496 2013] [28853] rotating index 'feed_delta': success
[Wed Apr 10 02:03:26.496 2013] [28853] rotating finished
[Wed Apr 10 02:03:26.595 2013] [28853] rotating indices (seamless=1)
[Wed Apr 10 02:03:26.598 2013] [28853] rotating index 'feed_delta': success
[Wed Apr 10 02:03:26.598 2013] [28853] rotating finished
[Wed Apr 10 02:03:26.702 2013] [28853] rotating indices (seamless=1)
[Wed Apr 10 02:03:26.705 2013] [28853] rotating index 'feed_delta': success
[Wed Apr 10 02:03:26.706 2013] [28853] rotating finished
[Wed Apr 10 02:03:26.994 2013] [28853] rotating indices (seamless=1)
[Wed Apr 10 02:03:27.000 2013] [28853] rotating index 'feed_delta': success
[Wed Apr 10 02:03:27.000 2013] [28853] rotating finished
[Wed Apr 10 02:03:27.115 2013] [28853] rotating indices (seamless=1)
[Wed Apr 10 02:03:27.119 2013] [28853] rotating index 'feed_delta': success
[Wed Apr 10 02:03:27.120 2013] [28853] rotating finished
[Wed Apr 10 02:03:27.547 2013] [28853] rotating indices (seamless=1)
[Wed Apr 10 02:03:27.551 2013] [28853] rotating index 'feed_delta': success
[Wed Apr 10 02:03:27.551 2013] [28853] rotating finished
[Wed Apr 10 02:03:27.671 2013] [28853] rotating indices (seamless=1)
[Wed Apr 10 02:03:27.676 2013] [28853] rotating index 'feed_delta': success
[Wed Apr 10 02:03:27.676 2013] [28853] rotating finished
[Wed Apr 10 02:05:15.592 2013] [28853] rotating indices (seamless=1)
[Wed Apr 10 02:05:15.595 2013] [28853] rotating index 'feed_delta': success
[Wed Apr 10 02:05:15.596 2013] [28853] rotating finished
[Wed Apr 10 02:05:15.655 2013] [28853] rotating indices (seamless=1)
[Wed Apr 10 02:05:15.659 2013] [28853] rotating index 'feed_delta': success
[Wed Apr 10 02:05:15.659 2013] [28853] rotating finished
[Wed Apr 10 02:05:15.716 2013] [28853] rotating indices (seamless=1)
[Wed Apr 10 02:05:15.720 2013] [28853] rotating index 'feed_delta': success
[Wed Apr 10 02:05:15.720 2013] [28853] rotating finished
[Wed Apr 10 02:05:15.783 2013] [28853] rotating indices (seamless=1)
[Wed Apr 10 02:05:15.787 2013] [28853] rotating index 'feed_delta': success
[Wed Apr 10 02:05:15.787 2013] [28853] rotating finished
[Wed Apr 10 02:05:15.844 2013] [28853] rotating indices (seamless=1)
[Wed Apr 10 02:05:15.848 2013] [28853] rotating index 'feed_delta': success
[Wed Apr 10 02:05:15.848 2013] [28853] rotating finished
[Wed Apr 10 02:05:15.895 2013] [28853] rotating indices (seamless=1)
[Wed Apr 10 02:05:15.899 2013] [28853] rotating index 'feed_delta': success
[Wed Apr 10 02:05:15.900 2013] [28853] rotating finished
[Wed Apr 10 02:05:15.946 2013] [28853] rotating indices (seamless=1)
[Wed Apr 10 02:05:15.949 2013] [28853] rotating index 'feed_delta': success
[Wed Apr 10 02:05:15.949 2013] [28853] rotating finished
[Wed Apr 10 02:05:15.996 2013] [28853] rotating indices (seamless=1)
[Wed Apr 10 02:05:16.001 2013] [28853] rotating index 'feed_delta': success
[Wed Apr 10 02:05:16.001 2013] [28853] rotating finished
[Wed Apr 10 02:05:16.047 2013] [28853] rotating indices (seamless=1)
[Wed Apr 10 02:05:16.051 2013] [28853] rotating index 'feed_delta': success
[Wed Apr 10 02:05:16.051 2013] [28853] rotating finished
[Wed Apr 10 02:05:16.097 2013] [28853] rotating indices (seamless=1)
[Wed Apr 10 02:05:16.101 2013] [28853] rotating index 'feed_delta': success
[Wed Apr 10 02:05:16.101 2013] [28853] rotating finished
[Wed Apr 10 02:05:53.708 2013] [28853] rotating indices (seamless=1)
[Wed Apr 10 02:05:53.713 2013] [28853] rotating index 'feed_delta': success
[Wed Apr 10 02:05:53.714 2013] [28853] rotating finished
[Wed Apr 10 02:05:54.024 2013] [28853] rotating indices (seamless=1)
[Wed Apr 10 02:05:54.030 2013] [28853] rotating index 'feed_delta': success
[Wed Apr 10 02:05:54.030 2013] [28853] rotating finished
[Wed Apr 10 02:05:54.211 2013] [28853] rotating indices (seamless=1)
[Wed Apr 10 02:05:54.215 2013] [28853] rotating index 'feed_delta': success
[Wed Apr 10 02:05:54.215 2013] [28853] rotating finished
[Wed Apr 10 02:05:54.632 2013] [28853] rotating indices (seamless=1)
[Wed Apr 10 02:05:54.636 2013] [28853] rotating index 'feed_delta': success
[Wed Apr 10 02:05:54.636 2013] [28853] rotating finished
[Wed Apr 10 02:05:54.743 2013] [28853] rotating indices (seamless=1)
[Wed Apr 10 02:05:54.746 2013] [28853] rotating index 'feed_delta': success
[Wed Apr 10 02:05:54.746 2013] [28853] rotating finished
[Wed Apr 10 02:05:54.837 2013] [28853] rotating indices (seamless=1)
[Wed Apr 10 02:05:54.841 2013] [28853] rotating index 'feed_delta': success
[Wed Apr 10 02:05:54.842 2013] [28853] rotating finished
[Wed Apr 10 02:05:55.151 2013] [28853] rotating indices (seamless=1)
[Wed Apr 10 02:05:55.156 2013] [28853] rotating index 'feed_delta': success
[Wed Apr 10 02:05:55.156 2013] [28853] rotating finished
[Wed Apr 10 02:05:55.278 2013] [28853] rotating indices (seamless=1)
[Wed Apr 10 02:05:55.283 2013] [28853] rotating index 'feed_delta': success
[Wed Apr 10 02:05:55.284 2013] [28853] rotating finished
[Wed Apr 10 02:05:55.714 2013] [28853] rotating indices (seamless=1)
[Wed Apr 10 02:05:55.718 2013] [28853] rotating index 'feed_delta': success
[Wed Apr 10 02:05:55.718 2013] [28853] rotating finished
[Wed Apr 10 02:05:55.821 2013] [28853] rotating indices (seamless=1)
[Wed Apr 10 02:05:55.827 2013] [28853] rotating index 'feed_delta': success
[Wed Apr 10 02:05:55.827 2013] [28853] rotating finished
[Wed Apr 10 02:11:21.730 2013] [28853] rotating indices (seamless=1)
[Wed Apr 10 02:11:21.734 2013] [28853] rotating index 'feed_delta': success
[Wed Apr 10 02:11:21.734 2013] [28853] rotating finished
[Wed Apr 10 02:11:21.847 2013] [28853] rotating indices (seamless=1)
[Wed Apr 10 02:11:21.850 2013] [28853] rotating index 'feed_delta': success
[Wed Apr 10 02:11:21.851 2013] [28853] rotating finished
[Wed Apr 10 02:11:21.932 2013] [28853] rotating indices (seamless=1)
[Wed Apr 10 02:11:21.936 2013] [28853] rotating index 'feed_delta': success
[Wed Apr 10 02:11:21.936 2013] [28853] rotating finished
[Wed Apr 10 02:11:22.289 2013] [28853] rotating indices (seamless=1)
[Wed Apr 10 02:11:22.294 2013] [28853] rotating index 'feed_delta': success
[Wed Apr 10 02:11:22.294 2013] [28853] rotating finished
[Wed Apr 10 02:11:22.404 2013] [28853] rotating indices (seamless=1)
[Wed Apr 10 02:11:22.408 2013] [28853] rotating index 'feed_delta': success
[Wed Apr 10 02:11:22.408 2013] [28853] rotating finished
[Wed Apr 10 02:13:38.607 2013] [28853] rotating indices (seamless=1)
[Wed Apr 10 02:13:38.611 2013] [28853] rotating index 'feed_delta': success
[Wed Apr 10 02:13:38.611 2013] [28853] rotating finished
[Wed Apr 10 02:13:38.753 2013] [28853] rotating indices (seamless=1)
[Wed Apr 10 02:13:38.759 2013] [28853] rotating index 'feed_delta': success
[Wed Apr 10 02:13:38.759 2013] [28853] rotating finished
[Wed Apr 10 02:13:38.868 2013] [28853] rotating indices (seamless=1)
[Wed Apr 10 02:13:38.876 2013] [28853] rotating index 'feed_delta': success
[Wed Apr 10 02:13:38.877 2013] [28853] rotating finished
[Wed Apr 10 02:13:39.309 2013] [28853] rotating indices (seamless=1)
[Wed Apr 10 02:13:39.313 2013] [28853] rotating index 'feed_delta': success
[Wed Apr 10 02:13:39.313 2013] [28853] rotating finished
[Wed Apr 10 02:13:39.411 2013] [28853] rotating indices (seamless=1)
[Wed Apr 10 02:13:39.416 2013] [28853] rotating index 'feed_delta': success
[Wed Apr 10 02:13:39.416 2013] [28853] rotating finished
[Wed Apr 10 02:13:39.833 2013] [28853] rotating indices (seamless=1)
[Wed Apr 10 02:13:39.838 2013] [28853] rotating index 'feed_delta': success
[Wed Apr 10 02:13:39.838 2013] [28853] rotating finished
[Wed Apr 10 02:13:39.923 2013] [28853] rotating indices (seamless=1)
[Wed Apr 10 02:13:39.929 2013] [28853] rotating index 'feed_delta': success
[Wed Apr 10 02:13:39.929 2013] [28853] rotating finished
[Wed Apr 10 02:13:40.236 2013] [28853] rotating indices (seamless=1)
[Wed Apr 10 02:13:40.241 2013] [28853] rotating index 'feed_delta': success
[Wed Apr 10 02:13:40.242 2013] [28853] rotating finished
[Wed Apr 10 02:13:40.379 2013] [28853] rotating indices (seamless=1)
[Wed Apr 10 02:13:40.382 2013] [28853] rotating index 'feed_delta': success
[Wed Apr 10 02:13:40.383 2013] [28853] rotating finished
[Wed Apr 10 02:13:40.683 2013] [28853] rotating indices (seamless=1)
[Wed Apr 10 02:13:40.689 2013] [28853] rotating index 'feed_delta': success
[Wed Apr 10 02:13:40.690 2013] [28853] rotating finished
[Wed Apr 10 02:13:40.804 2013] [28853] rotating indices (seamless=1)
[Wed Apr 10 02:13:40.810 2013] [28853] rotating index 'feed_delta': success
[Wed Apr 10 02:13:40.810 2013] [28853] rotating finished
[Wed Apr 10 02:13:41.194 2013] [28853] rotating indices (seamless=1)
[Wed Apr 10 02:13:41.201 2013] [28853] rotating index 'feed_delta': success
[Wed Apr 10 02:13:41.202 2013] [28853] rotating finished
[Wed Apr 10 02:13:41.346 2013] [28853] rotating indices (seamless=1)
[Wed Apr 10 02:13:41.350 2013] [28853] rotating index 'feed_delta': success
[Wed Apr 10 02:13:41.351 2013] [28853] rotating finished
[Wed Apr 10 02:13:41.447 2013] [28853] rotating indices (seamless=1)
[Wed Apr 10 02:13:41.454 2013] [28853] rotating index 'feed_delta': success
[Wed Apr 10 02:13:41.454 2013] [28853] rotating finished
[Wed Apr 10 02:13:41.817 2013] [28853] rotating indices (seamless=1)
[Wed Apr 10 02:13:41.823 2013] [28853] rotating index 'feed_delta': success
[Wed Apr 10 02:13:41.823 2013] [28853] rotating finished
[Tue Apr 16 22:19:45.781 2013] [28853] caught SIGTERM, shutting down
[Tue Apr 16 22:19:45.949 2013] [28853] shutdown complete
[Wed Apr 17 18:50:44.255 2013] [ 7353] accepting connections
[Thu Apr 18 23:35:07.945 2013] [ 7353] rotating indices (seamless=1)
[Thu Apr 18 23:35:07.973 2013] [ 7353] rotating index 'feed_delta': success
[Thu Apr 18 23:35:08.001 2013] [ 7353] rotating index 'feed_core': success
[Thu Apr 18 23:35:08.001 2013] [ 7353] rotating finished
[Wed May  1 17:08:12.007 2013] [ 7353] caught SIGTERM, shutting down
[Wed May  1 17:08:12.169 2013] [ 7353] shutdown complete
